{"C:\\Users\\Tobey\\OneDrive - University of Toronto\\University\\3rd Year\\CSC 301\\team-project-20-grocery-store-waste-app-m\\backend\\data-source.ts": {"path":"C:\\Users\\Tobey\\OneDrive - University of Toronto\\University\\3rd Year\\CSC 301\\team-project-20-grocery-store-waste-app-m\\backend\\data-source.ts","statementMap":{"0":{"start":{"line":1,"column":0},"end":{"line":1,"column":25}},"1":{"start":{"line":2,"column":0},"end":{"line":2,"column":36}},"2":{"start":{"line":3,"column":0},"end":{"line":3,"column":37}},"3":{"start":{"line":4,"column":0},"end":{"line":4,"column":39}},"4":{"start":{"line":5,"column":0},"end":{"line":5,"column":36}},"5":{"start":{"line":7,"column":13},"end":{"line":17,"column":3}}},"fnMap":{},"branchMap":{},"s":{"0":1,"1":1,"2":1,"3":1,"4":1,"5":1},"f":{},"b":{}}
,"C:\\Users\\Tobey\\OneDrive - University of Toronto\\University\\3rd Year\\CSC 301\\team-project-20-grocery-store-waste-app-m\\backend\\controllers\\user.ts": {"path":"C:\\Users\\Tobey\\OneDrive - University of Toronto\\University\\3rd Year\\CSC 301\\team-project-20-grocery-store-waste-app-m\\backend\\controllers\\user.ts","statementMap":{"0":{"start":{"line":1,"column":0},"end":{"line":1,"column":30}},"1":{"start":{"line":3,"column":0},"end":{"line":3,"column":31}},"2":{"start":{"line":4,"column":0},"end":{"line":4,"column":34}},"3":{"start":{"line":6,"column":0},"end":{"line":6,"column":47}},"4":{"start":{"line":10,"column":0},"end":{"line":10,"column":38}},"5":{"start":{"line":13,"column":23},"end":{"line":13,"column":56}},"6":{"start":{"line":16,"column":21},"end":{"line":18,"column":1}},"7":{"start":{"line":17,"column":4},"end":{"line":17,"column":30}},"8":{"start":{"line":27,"column":18},"end":{"line":89,"column":null}},"9":{"start":{"line":27,"column":49},"end":{"line":89,"column":null}},"10":{"start":{"line":29,"column":31},"end":{"line":37,"column":null}},"11":{"start":{"line":39,"column":38},"end":{"line":41,"column":6}},"12":{"start":{"line":42,"column":4},"end":{"line":42,"column":30}},"13":{"start":{"line":43,"column":4},"end":{"line":46,"column":null}},"14":{"start":{"line":44,"column":8},"end":{"line":44,"column":30}},"15":{"start":{"line":45,"column":8},"end":{"line":45,"column":86}},"16":{"start":{"line":49,"column":4},"end":{"line":52,"column":null}},"17":{"start":{"line":50,"column":8},"end":{"line":50,"column":30}},"18":{"start":{"line":51,"column":8},"end":{"line":51,"column":147}},"19":{"start":{"line":55,"column":4},"end":{"line":58,"column":null}},"20":{"start":{"line":56,"column":8},"end":{"line":56,"column":30}},"21":{"start":{"line":57,"column":8},"end":{"line":57,"column":64}},"22":{"start":{"line":61,"column":4},"end":{"line":64,"column":null}},"23":{"start":{"line":62,"column":8},"end":{"line":62,"column":30}},"24":{"start":{"line":63,"column":8},"end":{"line":63,"column":62}},"25":{"start":{"line":65,"column":4},"end":{"line":68,"column":null}},"26":{"start":{"line":66,"column":8},"end":{"line":66,"column":30}},"27":{"start":{"line":67,"column":8},"end":{"line":67,"column":60}},"28":{"start":{"line":71,"column":4},"end":{"line":74,"column":null}},"29":{"start":{"line":72,"column":8},"end":{"line":72,"column":30}},"30":{"start":{"line":73,"column":8},"end":{"line":73,"column":79}},"31":{"start":{"line":75,"column":4},"end":{"line":77,"column":null}},"32":{"start":{"line":76,"column":8},"end":{"line":76,"column":77}},"33":{"start":{"line":78,"column":4},"end":{"line":81,"column":null}},"34":{"start":{"line":79,"column":8},"end":{"line":79,"column":30}},"35":{"start":{"line":80,"column":8},"end":{"line":80,"column":90}},"36":{"start":{"line":82,"column":4},"end":{"line":82,"column":24}},"37":{"start":{"line":84,"column":4},"end":{"line":88,"column":null}},"38":{"start":{"line":85,"column":8},"end":{"line":85,"column":22}},"39":{"start":{"line":87,"column":8},"end":{"line":87,"column":23}},"40":{"start":{"line":99,"column":26},"end":{"line":145,"column":2}},"41":{"start":{"line":99,"column":64},"end":{"line":145,"column":2}},"42":{"start":{"line":100,"column":4},"end":{"line":144,"column":null}},"43":{"start":{"line":102,"column":38},"end":{"line":113,"column":null}},"44":{"start":{"line":114,"column":21},"end":{"line":114,"column":46}},"45":{"start":{"line":117,"column":8},"end":{"line":120,"column":null}},"46":{"start":{"line":119,"column":12},"end":{"line":119,"column":56}},"47":{"start":{"line":123,"column":21},"end":{"line":123,"column":43}},"48":{"start":{"line":124,"column":27},"end":{"line":124,"column":63}},"49":{"start":{"line":126,"column":30},"end":{"line":126,"column":40}},"50":{"start":{"line":127,"column":8},"end":{"line":127,"column":41}},"51":{"start":{"line":128,"column":8},"end":{"line":128,"column":43}},"52":{"start":{"line":129,"column":8},"end":{"line":129,"column":41}},"53":{"start":{"line":130,"column":8},"end":{"line":130,"column":35}},"54":{"start":{"line":131,"column":8},"end":{"line":131,"column":38}},"55":{"start":{"line":132,"column":8},"end":{"line":132,"column":38}},"56":{"start":{"line":133,"column":8},"end":{"line":133,"column":40}},"57":{"start":{"line":134,"column":8},"end":{"line":134,"column":42}},"58":{"start":{"line":135,"column":8},"end":{"line":135,"column":39}},"59":{"start":{"line":136,"column":8},"end":{"line":136,"column":52}},"60":{"start":{"line":138,"column":8},"end":{"line":138,"column":43}},"61":{"start":{"line":141,"column":8},"end":{"line":141,"column":50}},"62":{"start":{"line":143,"column":8},"end":{"line":143,"column":34}},"63":{"start":{"line":99,"column":13},"end":{"line":99,"column":26}},"64":{"start":{"line":155,"column":25},"end":{"line":184,"column":2}},"65":{"start":{"line":155,"column":63},"end":{"line":184,"column":2}},"66":{"start":{"line":156,"column":4},"end":{"line":183,"column":null}},"67":{"start":{"line":158,"column":21},"end":{"line":160,"column":10}},"68":{"start":{"line":161,"column":8},"end":{"line":163,"column":null}},"69":{"start":{"line":162,"column":12},"end":{"line":162,"column":63}},"70":{"start":{"line":166,"column":30},"end":{"line":166,"column":84}},"71":{"start":{"line":167,"column":8},"end":{"line":169,"column":null}},"72":{"start":{"line":168,"column":12},"end":{"line":168,"column":65}},"73":{"start":{"line":172,"column":24},"end":{"line":174,"column":10}},"74":{"start":{"line":175,"column":22},"end":{"line":175,"column":86}},"75":{"start":{"line":176,"column":8},"end":{"line":180,"column":11}},"76":{"start":{"line":182,"column":8},"end":{"line":182,"column":34}},"77":{"start":{"line":155,"column":13},"end":{"line":155,"column":25}},"78":{"start":{"line":194,"column":26},"end":{"line":197,"column":1}},"79":{"start":{"line":195,"column":4},"end":{"line":195,"column":36}},"80":{"start":{"line":196,"column":4},"end":{"line":196,"column":40}},"81":{"start":{"line":194,"column":13},"end":{"line":194,"column":26}}},"fnMap":{"0":{"name":"(anonymous_8)","decl":{"start":{"line":16,"column":21},"end":{"line":16,"column":22}},"loc":{"start":{"line":16,"column":34},"end":{"line":18,"column":1}}},"1":{"name":"(anonymous_9)","decl":{"start":{"line":27,"column":18},"end":{"line":27,"column":25}},"loc":{"start":{"line":27,"column":49},"end":{"line":89,"column":null}}},"2":{"name":"(anonymous_10)","decl":{"start":{"line":27,"column":49},"end":{"line":27,"column":null}},"loc":{"start":{"line":27,"column":49},"end":{"line":89,"column":1}}},"3":{"name":"(anonymous_11)","decl":{"start":{"line":99,"column":26},"end":{"line":99,"column":33}},"loc":{"start":{"line":99,"column":64},"end":{"line":145,"column":2}}},"4":{"name":"(anonymous_12)","decl":{"start":{"line":99,"column":64},"end":{"line":99,"column":null}},"loc":{"start":{"line":99,"column":64},"end":{"line":145,"column":1}}},"5":{"name":"(anonymous_13)","decl":{"start":{"line":155,"column":25},"end":{"line":155,"column":32}},"loc":{"start":{"line":155,"column":63},"end":{"line":184,"column":2}}},"6":{"name":"(anonymous_14)","decl":{"start":{"line":155,"column":63},"end":{"line":155,"column":null}},"loc":{"start":{"line":155,"column":63},"end":{"line":184,"column":1}}},"7":{"name":"(anonymous_15)","decl":{"start":{"line":194,"column":26},"end":{"line":194,"column":27}},"loc":{"start":{"line":194,"column":58},"end":{"line":197,"column":1}}}},"branchMap":{"0":{"loc":{"start":{"line":43,"column":4},"end":{"line":46,"column":null}},"type":"if","locations":[{"start":{"line":43,"column":4},"end":{"line":46,"column":null}}]},"1":{"loc":{"start":{"line":49,"column":4},"end":{"line":52,"column":null}},"type":"if","locations":[{"start":{"line":49,"column":4},"end":{"line":52,"column":null}}]},"2":{"loc":{"start":{"line":55,"column":4},"end":{"line":58,"column":null}},"type":"if","locations":[{"start":{"line":55,"column":4},"end":{"line":58,"column":null}}]},"3":{"loc":{"start":{"line":61,"column":4},"end":{"line":64,"column":null}},"type":"if","locations":[{"start":{"line":61,"column":4},"end":{"line":64,"column":null}}]},"4":{"loc":{"start":{"line":65,"column":4},"end":{"line":68,"column":null}},"type":"if","locations":[{"start":{"line":65,"column":4},"end":{"line":68,"column":null}}]},"5":{"loc":{"start":{"line":71,"column":4},"end":{"line":74,"column":null}},"type":"if","locations":[{"start":{"line":71,"column":4},"end":{"line":74,"column":null}}]},"6":{"loc":{"start":{"line":75,"column":4},"end":{"line":77,"column":null}},"type":"if","locations":[{"start":{"line":75,"column":4},"end":{"line":77,"column":null}}]},"7":{"loc":{"start":{"line":78,"column":4},"end":{"line":81,"column":null}},"type":"if","locations":[{"start":{"line":78,"column":4},"end":{"line":81,"column":null}}]},"8":{"loc":{"start":{"line":78,"column":8},"end":{"line":78,"column":92}},"type":"binary-expr","locations":[{"start":{"line":78,"column":8},"end":{"line":78,"column":43}},{"start":{"line":78,"column":47},"end":{"line":78,"column":92}}]},"9":{"loc":{"start":{"line":84,"column":4},"end":{"line":88,"column":null}},"type":"if","locations":[{"start":{"line":84,"column":4},"end":{"line":88,"column":null}},{"start":{"line":86,"column":11},"end":{"line":88,"column":null}}]},"10":{"loc":{"start":{"line":117,"column":8},"end":{"line":120,"column":null}},"type":"if","locations":[{"start":{"line":117,"column":8},"end":{"line":120,"column":null}}]},"11":{"loc":{"start":{"line":161,"column":8},"end":{"line":163,"column":null}},"type":"if","locations":[{"start":{"line":161,"column":8},"end":{"line":163,"column":null}}]},"12":{"loc":{"start":{"line":167,"column":8},"end":{"line":169,"column":null}},"type":"if","locations":[{"start":{"line":167,"column":8},"end":{"line":169,"column":null}}]}},"s":{"0":1,"1":1,"2":1,"3":1,"4":1,"5":1,"6":1,"7":0,"8":1,"9":1,"10":1,"11":1,"12":0,"13":0,"14":0,"15":0,"16":0,"17":0,"18":0,"19":0,"20":0,"21":0,"22":0,"23":0,"24":0,"25":0,"26":0,"27":0,"28":0,"29":0,"30":0,"31":0,"32":0,"33":0,"34":0,"35":0,"36":0,"37":0,"38":0,"39":0,"40":1,"41":1,"42":1,"43":1,"44":1,"45":0,"46":0,"47":0,"48":0,"49":0,"50":0,"51":0,"52":0,"53":0,"54":0,"55":0,"56":0,"57":0,"58":0,"59":0,"60":0,"61":0,"62":1,"63":1,"64":1,"65":0,"66":0,"67":0,"68":0,"69":0,"70":0,"71":0,"72":0,"73":0,"74":0,"75":0,"76":0,"77":1,"78":1,"79":0,"80":0,"81":1},"f":{"0":0,"1":1,"2":1,"3":1,"4":1,"5":0,"6":0,"7":0},"b":{"0":[0],"1":[0],"2":[0],"3":[0],"4":[0],"5":[0],"6":[0],"7":[0],"8":[0,0],"9":[0,0],"10":[0],"11":[0],"12":[0]}}
,"C:\\Users\\Tobey\\OneDrive - University of Toronto\\University\\3rd Year\\CSC 301\\team-project-20-grocery-store-waste-app-m\\backend\\dist\\data-source.js": {"path":"C:\\Users\\Tobey\\OneDrive - University of Toronto\\University\\3rd Year\\CSC 301\\team-project-20-grocery-store-waste-app-m\\backend\\dist\\data-source.js","statementMap":{"0":{"start":{"line":2,"column":0},"end":{"line":2,"column":62}},"1":{"start":{"line":3,"column":0},"end":{"line":3,"column":31}},"2":{"start":{"line":4,"column":0},"end":{"line":4,"column":28}},"3":{"start":{"line":5,"column":18},"end":{"line":5,"column":36}},"4":{"start":{"line":6,"column":15},"end":{"line":6,"column":39}},"5":{"start":{"line":7,"column":16},"end":{"line":7,"column":41}},"6":{"start":{"line":8,"column":15},"end":{"line":8,"column":39}},"7":{"start":{"line":9,"column":0},"end":{"line":19,"column":3}}},"fnMap":{},"branchMap":{},"s":{"0":1,"1":1,"2":1,"3":1,"4":1,"5":1,"6":1,"7":1},"f":{},"b":{},"inputSourceMap":null,"_coverageSchema":"1a1c01bbd47fc00a2c39e90264f33305004495a9","hash":"b805a22b6d3380eba742751471b30eddbeac95a5"}
,"C:\\Users\\Tobey\\OneDrive - University of Toronto\\University\\3rd Year\\CSC 301\\team-project-20-grocery-store-waste-app-m\\backend\\dist\\controllers\\user.js": {"path":"C:\\Users\\Tobey\\OneDrive - University of Toronto\\University\\3rd Year\\CSC 301\\team-project-20-grocery-store-waste-app-m\\backend\\dist\\controllers\\user.js","statementMap":{"0":{"start":{"line":2,"column":16},"end":{"line":10,"column":1}},"1":{"start":{"line":3,"column":28},"end":{"line":3,"column":110}},"2":{"start":{"line":3,"column":91},"end":{"line":3,"column":106}},"3":{"start":{"line":4,"column":4},"end":{"line":9,"column":7}},"4":{"start":{"line":5,"column":36},"end":{"line":5,"column":97}},"5":{"start":{"line":5,"column":42},"end":{"line":5,"column":70}},"6":{"start":{"line":5,"column":85},"end":{"line":5,"column":95}},"7":{"start":{"line":6,"column":35},"end":{"line":6,"column":100}},"8":{"start":{"line":6,"column":41},"end":{"line":6,"column":73}},"9":{"start":{"line":6,"column":88},"end":{"line":6,"column":98}},"10":{"start":{"line":7,"column":32},"end":{"line":7,"column":116}},"11":{"start":{"line":8,"column":8},"end":{"line":8,"column":78}},"12":{"start":{"line":11,"column":22},"end":{"line":13,"column":1}},"13":{"start":{"line":12,"column":4},"end":{"line":12,"column":62}},"14":{"start":{"line":14,"column":0},"end":{"line":14,"column":62}},"15":{"start":{"line":15,"column":0},"end":{"line":15,"column":69}},"16":{"start":{"line":16,"column":19},"end":{"line":16,"column":55}},"17":{"start":{"line":17,"column":23},"end":{"line":17,"column":63}},"18":{"start":{"line":18,"column":20},"end":{"line":18,"column":57}},"19":{"start":{"line":19,"column":22},"end":{"line":19,"column":47}},"20":{"start":{"line":20,"column":15},"end":{"line":20,"column":40}},"21":{"start":{"line":22,"column":23},"end":{"line":22,"column":77}},"22":{"start":{"line":24,"column":21},"end":{"line":26,"column":1}},"23":{"start":{"line":25,"column":4},"end":{"line":25,"column":30}},"24":{"start":{"line":34,"column":18},"end":{"line":96,"column":2}},"25":{"start":{"line":34,"column":31},"end":{"line":96,"column":2}},"26":{"start":{"line":36,"column":19},"end":{"line":44,"column":5}},"27":{"start":{"line":47,"column":4},"end":{"line":47,"column":34}},"28":{"start":{"line":48,"column":4},"end":{"line":48,"column":74}},"29":{"start":{"line":49,"column":25},"end":{"line":51,"column":6}},"30":{"start":{"line":52,"column":4},"end":{"line":52,"column":34}},"31":{"start":{"line":53,"column":4},"end":{"line":56,"column":5}},"32":{"start":{"line":54,"column":8},"end":{"line":54,"column":30}},"33":{"start":{"line":55,"column":8},"end":{"line":55,"column":86}},"34":{"start":{"line":58,"column":4},"end":{"line":61,"column":5}},"35":{"start":{"line":59,"column":8},"end":{"line":59,"column":30}},"36":{"start":{"line":60,"column":8},"end":{"line":60,"column":147}},"37":{"start":{"line":63,"column":4},"end":{"line":66,"column":5}},"38":{"start":{"line":64,"column":8},"end":{"line":64,"column":30}},"39":{"start":{"line":65,"column":8},"end":{"line":65,"column":64}},"40":{"start":{"line":68,"column":4},"end":{"line":71,"column":5}},"41":{"start":{"line":69,"column":8},"end":{"line":69,"column":30}},"42":{"start":{"line":70,"column":8},"end":{"line":70,"column":62}},"43":{"start":{"line":72,"column":4},"end":{"line":75,"column":5}},"44":{"start":{"line":73,"column":8},"end":{"line":73,"column":30}},"45":{"start":{"line":74,"column":8},"end":{"line":74,"column":60}},"46":{"start":{"line":77,"column":4},"end":{"line":80,"column":5}},"47":{"start":{"line":78,"column":8},"end":{"line":78,"column":30}},"48":{"start":{"line":79,"column":8},"end":{"line":79,"column":79}},"49":{"start":{"line":81,"column":4},"end":{"line":83,"column":5}},"50":{"start":{"line":82,"column":8},"end":{"line":82,"column":77}},"51":{"start":{"line":84,"column":4},"end":{"line":87,"column":5}},"52":{"start":{"line":85,"column":8},"end":{"line":85,"column":30}},"53":{"start":{"line":86,"column":8},"end":{"line":86,"column":90}},"54":{"start":{"line":88,"column":4},"end":{"line":88,"column":24}},"55":{"start":{"line":90,"column":4},"end":{"line":95,"column":5}},"56":{"start":{"line":91,"column":8},"end":{"line":91,"column":22}},"57":{"start":{"line":94,"column":8},"end":{"line":94,"column":23}},"58":{"start":{"line":105,"column":19},"end":{"line":147,"column":2}},"59":{"start":{"line":105,"column":33},"end":{"line":147,"column":2}},"60":{"start":{"line":106,"column":4},"end":{"line":146,"column":5}},"61":{"start":{"line":108,"column":25},"end":{"line":119,"column":9}},"62":{"start":{"line":120,"column":21},"end":{"line":120,"column":46}},"63":{"start":{"line":122,"column":8},"end":{"line":125,"column":9}},"64":{"start":{"line":124,"column":12},"end":{"line":124,"column":58}},"65":{"start":{"line":127,"column":21},"end":{"line":127,"column":55}},"66":{"start":{"line":128,"column":27},"end":{"line":128,"column":75}},"67":{"start":{"line":129,"column":24},"end":{"line":129,"column":41}},"68":{"start":{"line":130,"column":8},"end":{"line":130,"column":41}},"69":{"start":{"line":131,"column":8},"end":{"line":131,"column":43}},"70":{"start":{"line":132,"column":8},"end":{"line":132,"column":41}},"71":{"start":{"line":133,"column":8},"end":{"line":133,"column":35}},"72":{"start":{"line":134,"column":8},"end":{"line":134,"column":38}},"73":{"start":{"line":135,"column":8},"end":{"line":135,"column":38}},"74":{"start":{"line":136,"column":8},"end":{"line":136,"column":40}},"75":{"start":{"line":137,"column":8},"end":{"line":137,"column":35}},"76":{"start":{"line":138,"column":8},"end":{"line":138,"column":33}},"77":{"start":{"line":139,"column":8},"end":{"line":139,"column":47}},"78":{"start":{"line":140,"column":8},"end":{"line":140,"column":43}},"79":{"start":{"line":142,"column":8},"end":{"line":142,"column":50}},"80":{"start":{"line":145,"column":8},"end":{"line":145,"column":34}},"81":{"start":{"line":148,"column":0},"end":{"line":148,"column":32}},"82":{"start":{"line":157,"column":18},"end":{"line":185,"column":2}},"83":{"start":{"line":157,"column":32},"end":{"line":185,"column":2}},"84":{"start":{"line":158,"column":4},"end":{"line":184,"column":5}},"85":{"start":{"line":160,"column":21},"end":{"line":162,"column":10}},"86":{"start":{"line":163,"column":8},"end":{"line":165,"column":9}},"87":{"start":{"line":164,"column":12},"end":{"line":164,"column":63}},"88":{"start":{"line":167,"column":30},"end":{"line":167,"column":96}},"89":{"start":{"line":168,"column":8},"end":{"line":170,"column":9}},"90":{"start":{"line":169,"column":12},"end":{"line":169,"column":65}},"91":{"start":{"line":172,"column":24},"end":{"line":174,"column":9}},"92":{"start":{"line":175,"column":22},"end":{"line":175,"column":99}},"93":{"start":{"line":176,"column":8},"end":{"line":180,"column":11}},"94":{"start":{"line":183,"column":8},"end":{"line":183,"column":34}},"95":{"start":{"line":186,"column":0},"end":{"line":186,"column":30}},"96":{"start":{"line":195,"column":19},"end":{"line":198,"column":1}},"97":{"start":{"line":196,"column":4},"end":{"line":196,"column":36}},"98":{"start":{"line":197,"column":4},"end":{"line":197,"column":40}},"99":{"start":{"line":199,"column":0},"end":{"line":199,"column":32}}},"fnMap":{"0":{"name":"(anonymous_0)","decl":{"start":{"line":2,"column":44},"end":{"line":2,"column":45}},"loc":{"start":{"line":2,"column":89},"end":{"line":10,"column":1}},"line":2},"1":{"name":"adopt","decl":{"start":{"line":3,"column":13},"end":{"line":3,"column":18}},"loc":{"start":{"line":3,"column":26},"end":{"line":3,"column":112}},"line":3},"2":{"name":"(anonymous_2)","decl":{"start":{"line":3,"column":70},"end":{"line":3,"column":71}},"loc":{"start":{"line":3,"column":89},"end":{"line":3,"column":108}},"line":3},"3":{"name":"(anonymous_3)","decl":{"start":{"line":4,"column":36},"end":{"line":4,"column":37}},"loc":{"start":{"line":4,"column":63},"end":{"line":9,"column":5}},"line":4},"4":{"name":"fulfilled","decl":{"start":{"line":5,"column":17},"end":{"line":5,"column":26}},"loc":{"start":{"line":5,"column":34},"end":{"line":5,"column":99}},"line":5},"5":{"name":"rejected","decl":{"start":{"line":6,"column":17},"end":{"line":6,"column":25}},"loc":{"start":{"line":6,"column":33},"end":{"line":6,"column":102}},"line":6},"6":{"name":"step","decl":{"start":{"line":7,"column":17},"end":{"line":7,"column":21}},"loc":{"start":{"line":7,"column":30},"end":{"line":7,"column":118}},"line":7},"7":{"name":"(anonymous_7)","decl":{"start":{"line":11,"column":56},"end":{"line":11,"column":57}},"loc":{"start":{"line":11,"column":71},"end":{"line":13,"column":1}},"line":11},"8":{"name":"(anonymous_8)","decl":{"start":{"line":24,"column":21},"end":{"line":24,"column":22}},"loc":{"start":{"line":24,"column":30},"end":{"line":26,"column":1}},"line":24},"9":{"name":"(anonymous_9)","decl":{"start":{"line":34,"column":18},"end":{"line":34,"column":19}},"loc":{"start":{"line":34,"column":31},"end":{"line":96,"column":2}},"line":34},"10":{"name":"(anonymous_10)","decl":{"start":{"line":34,"column":65},"end":{"line":34,"column":66}},"loc":{"start":{"line":34,"column":78},"end":{"line":96,"column":1}},"line":34},"11":{"name":"(anonymous_11)","decl":{"start":{"line":105,"column":19},"end":{"line":105,"column":20}},"loc":{"start":{"line":105,"column":33},"end":{"line":147,"column":2}},"line":105},"12":{"name":"(anonymous_12)","decl":{"start":{"line":105,"column":67},"end":{"line":105,"column":68}},"loc":{"start":{"line":105,"column":80},"end":{"line":147,"column":1}},"line":105},"13":{"name":"(anonymous_13)","decl":{"start":{"line":157,"column":18},"end":{"line":157,"column":19}},"loc":{"start":{"line":157,"column":32},"end":{"line":185,"column":2}},"line":157},"14":{"name":"(anonymous_14)","decl":{"start":{"line":157,"column":66},"end":{"line":157,"column":67}},"loc":{"start":{"line":157,"column":79},"end":{"line":185,"column":1}},"line":157},"15":{"name":"(anonymous_15)","decl":{"start":{"line":195,"column":19},"end":{"line":195,"column":20}},"loc":{"start":{"line":195,"column":33},"end":{"line":198,"column":1}},"line":195}},"branchMap":{"0":{"loc":{"start":{"line":2,"column":16},"end":{"line":10,"column":1}},"type":"binary-expr","locations":[{"start":{"line":2,"column":17},"end":{"line":2,"column":21}},{"start":{"line":2,"column":25},"end":{"line":2,"column":39}},{"start":{"line":2,"column":44},"end":{"line":10,"column":1}}],"line":2},"1":{"loc":{"start":{"line":3,"column":35},"end":{"line":3,"column":109}},"type":"cond-expr","locations":[{"start":{"line":3,"column":56},"end":{"line":3,"column":61}},{"start":{"line":3,"column":64},"end":{"line":3,"column":109}}],"line":3},"2":{"loc":{"start":{"line":4,"column":16},"end":{"line":4,"column":34}},"type":"binary-expr","locations":[{"start":{"line":4,"column":16},"end":{"line":4,"column":17}},{"start":{"line":4,"column":22},"end":{"line":4,"column":33}}],"line":4},"3":{"loc":{"start":{"line":7,"column":32},"end":{"line":7,"column":115}},"type":"cond-expr","locations":[{"start":{"line":7,"column":46},"end":{"line":7,"column":67}},{"start":{"line":7,"column":70},"end":{"line":7,"column":115}}],"line":7},"4":{"loc":{"start":{"line":8,"column":51},"end":{"line":8,"column":67}},"type":"binary-expr","locations":[{"start":{"line":8,"column":51},"end":{"line":8,"column":61}},{"start":{"line":8,"column":65},"end":{"line":8,"column":67}}],"line":8},"5":{"loc":{"start":{"line":11,"column":22},"end":{"line":13,"column":1}},"type":"binary-expr","locations":[{"start":{"line":11,"column":23},"end":{"line":11,"column":27}},{"start":{"line":11,"column":31},"end":{"line":11,"column":51}},{"start":{"line":11,"column":56},"end":{"line":13,"column":1}}],"line":11},"6":{"loc":{"start":{"line":12,"column":11},"end":{"line":12,"column":61}},"type":"cond-expr","locations":[{"start":{"line":12,"column":37},"end":{"line":12,"column":40}},{"start":{"line":12,"column":43},"end":{"line":12,"column":61}}],"line":12},"7":{"loc":{"start":{"line":12,"column":12},"end":{"line":12,"column":33}},"type":"binary-expr","locations":[{"start":{"line":12,"column":12},"end":{"line":12,"column":15}},{"start":{"line":12,"column":19},"end":{"line":12,"column":33}}],"line":12},"8":{"loc":{"start":{"line":53,"column":4},"end":{"line":56,"column":5}},"type":"if","locations":[{"start":{"line":53,"column":4},"end":{"line":56,"column":5}},{"start":{},"end":{}}],"line":53},"9":{"loc":{"start":{"line":58,"column":4},"end":{"line":61,"column":5}},"type":"if","locations":[{"start":{"line":58,"column":4},"end":{"line":61,"column":5}},{"start":{},"end":{}}],"line":58},"10":{"loc":{"start":{"line":63,"column":4},"end":{"line":66,"column":5}},"type":"if","locations":[{"start":{"line":63,"column":4},"end":{"line":66,"column":5}},{"start":{},"end":{}}],"line":63},"11":{"loc":{"start":{"line":68,"column":4},"end":{"line":71,"column":5}},"type":"if","locations":[{"start":{"line":68,"column":4},"end":{"line":71,"column":5}},{"start":{},"end":{}}],"line":68},"12":{"loc":{"start":{"line":72,"column":4},"end":{"line":75,"column":5}},"type":"if","locations":[{"start":{"line":72,"column":4},"end":{"line":75,"column":5}},{"start":{},"end":{}}],"line":72},"13":{"loc":{"start":{"line":77,"column":4},"end":{"line":80,"column":5}},"type":"if","locations":[{"start":{"line":77,"column":4},"end":{"line":80,"column":5}},{"start":{},"end":{}}],"line":77},"14":{"loc":{"start":{"line":81,"column":4},"end":{"line":83,"column":5}},"type":"if","locations":[{"start":{"line":81,"column":4},"end":{"line":83,"column":5}},{"start":{},"end":{}}],"line":81},"15":{"loc":{"start":{"line":84,"column":4},"end":{"line":87,"column":5}},"type":"if","locations":[{"start":{"line":84,"column":4},"end":{"line":87,"column":5}},{"start":{},"end":{}}],"line":84},"16":{"loc":{"start":{"line":84,"column":8},"end":{"line":84,"column":102}},"type":"binary-expr","locations":[{"start":{"line":84,"column":8},"end":{"line":84,"column":43}},{"start":{"line":84,"column":47},"end":{"line":84,"column":102}}],"line":84},"17":{"loc":{"start":{"line":90,"column":4},"end":{"line":95,"column":5}},"type":"if","locations":[{"start":{"line":90,"column":4},"end":{"line":95,"column":5}},{"start":{"line":93,"column":9},"end":{"line":95,"column":5}}],"line":90},"18":{"loc":{"start":{"line":122,"column":8},"end":{"line":125,"column":9}},"type":"if","locations":[{"start":{"line":122,"column":8},"end":{"line":125,"column":9}},{"start":{},"end":{}}],"line":122},"19":{"loc":{"start":{"line":163,"column":8},"end":{"line":165,"column":9}},"type":"if","locations":[{"start":{"line":163,"column":8},"end":{"line":165,"column":9}},{"start":{},"end":{}}],"line":163},"20":{"loc":{"start":{"line":168,"column":8},"end":{"line":170,"column":9}},"type":"if","locations":[{"start":{"line":168,"column":8},"end":{"line":170,"column":9}},{"start":{},"end":{}}],"line":168}},"s":{"0":1,"1":2,"2":0,"3":2,"4":0,"5":0,"6":0,"7":2,"8":2,"9":1,"10":3,"11":2,"12":1,"13":3,"14":1,"15":1,"16":1,"17":1,"18":1,"19":1,"20":1,"21":1,"22":1,"23":0,"24":1,"25":1,"26":1,"27":1,"28":1,"29":1,"30":0,"31":0,"32":0,"33":0,"34":0,"35":0,"36":0,"37":0,"38":0,"39":0,"40":0,"41":0,"42":0,"43":0,"44":0,"45":0,"46":0,"47":0,"48":0,"49":0,"50":0,"51":0,"52":0,"53":0,"54":0,"55":0,"56":0,"57":0,"58":1,"59":1,"60":1,"61":1,"62":1,"63":0,"64":0,"65":0,"66":0,"67":0,"68":0,"69":0,"70":0,"71":0,"72":0,"73":0,"74":0,"75":0,"76":0,"77":0,"78":0,"79":0,"80":1,"81":1,"82":1,"83":0,"84":0,"85":0,"86":0,"87":0,"88":0,"89":0,"90":0,"91":0,"92":0,"93":0,"94":0,"95":1,"96":1,"97":0,"98":0,"99":1},"f":{"0":2,"1":2,"2":0,"3":2,"4":0,"5":2,"6":3,"7":3,"8":0,"9":1,"10":1,"11":1,"12":1,"13":0,"14":0,"15":0},"b":{"0":[1,1,1],"1":[2,0],"2":[2,2],"3":[1,2],"4":[2,2],"5":[1,1,1],"6":[0,3],"7":[3,3],"8":[0,0],"9":[0,0],"10":[0,0],"11":[0,0],"12":[0,0],"13":[0,0],"14":[0,0],"15":[0,0],"16":[0,0],"17":[0,0],"18":[0,0],"19":[0,0],"20":[0,0]},"inputSourceMap":null,"_coverageSchema":"1a1c01bbd47fc00a2c39e90264f33305004495a9","hash":"b79a150892dbbeca92057a8a9d3a10d2f27a7090"}
,"C:\\Users\\Tobey\\OneDrive - University of Toronto\\University\\3rd Year\\CSC 301\\team-project-20-grocery-store-waste-app-m\\backend\\dist\\entity\\Item.js": {"path":"C:\\Users\\Tobey\\OneDrive - University of Toronto\\University\\3rd Year\\CSC 301\\team-project-20-grocery-store-waste-app-m\\backend\\dist\\entity\\Item.js","statementMap":{"0":{"start":{"line":2,"column":17},"end":{"line":7,"column":1}},"1":{"start":{"line":3,"column":12},"end":{"line":3,"column":28}},"2":{"start":{"line":3,"column":34},"end":{"line":3,"column":125}},"3":{"start":{"line":4,"column":4},"end":{"line":5,"column":150}},"4":{"start":{"line":4,"column":79},"end":{"line":4,"column":131}},"5":{"start":{"line":5,"column":9},"end":{"line":5,"column":150}},"6":{"start":{"line":5,"column":22},"end":{"line":5,"column":43}},"7":{"start":{"line":5,"column":58},"end":{"line":5,"column":150}},"8":{"start":{"line":5,"column":81},"end":{"line":5,"column":150}},"9":{"start":{"line":6,"column":4},"end":{"line":6,"column":66}},"10":{"start":{"line":8,"column":17},"end":{"line":10,"column":1}},"11":{"start":{"line":9,"column":4},"end":{"line":9,"column":109}},"12":{"start":{"line":9,"column":79},"end":{"line":9,"column":109}},"13":{"start":{"line":11,"column":0},"end":{"line":11,"column":62}},"14":{"start":{"line":12,"column":0},"end":{"line":12,"column":22}},"15":{"start":{"line":13,"column":18},"end":{"line":13,"column":36}},"16":{"start":{"line":14,"column":15},"end":{"line":14,"column":32}},"17":{"start":{"line":15,"column":11},"end":{"line":16,"column":1}},"18":{"start":{"line":17,"column":0},"end":{"line":20,"column":33}},"19":{"start":{"line":21,"column":0},"end":{"line":24,"column":35}},"20":{"start":{"line":22,"column":35},"end":{"line":22,"column":46}},"21":{"start":{"line":22,"column":58},"end":{"line":22,"column":67}},"22":{"start":{"line":25,"column":0},"end":{"line":27,"column":9}},"23":{"start":{"line":28,"column":0},"end":{"line":28,"column":20}}},"fnMap":{"0":{"name":"(anonymous_0)","decl":{"start":{"line":2,"column":46},"end":{"line":2,"column":47}},"loc":{"start":{"line":2,"column":87},"end":{"line":7,"column":1}},"line":2},"1":{"name":"(anonymous_1)","decl":{"start":{"line":8,"column":46},"end":{"line":8,"column":47}},"loc":{"start":{"line":8,"column":62},"end":{"line":10,"column":1}},"line":8},"2":{"name":"(anonymous_2)","decl":{"start":{"line":22,"column":29},"end":{"line":22,"column":30}},"loc":{"start":{"line":22,"column":35},"end":{"line":22,"column":46}},"line":22},"3":{"name":"(anonymous_3)","decl":{"start":{"line":22,"column":48},"end":{"line":22,"column":49}},"loc":{"start":{"line":22,"column":58},"end":{"line":22,"column":67}},"line":22}},"branchMap":{"0":{"loc":{"start":{"line":2,"column":17},"end":{"line":7,"column":1}},"type":"binary-expr","locations":[{"start":{"line":2,"column":18},"end":{"line":2,"column":22}},{"start":{"line":2,"column":26},"end":{"line":2,"column":41}},{"start":{"line":2,"column":46},"end":{"line":7,"column":1}}],"line":2},"1":{"loc":{"start":{"line":3,"column":34},"end":{"line":3,"column":125}},"type":"cond-expr","locations":[{"start":{"line":3,"column":42},"end":{"line":3,"column":48}},{"start":{"line":3,"column":51},"end":{"line":3,"column":125}}],"line":3},"2":{"loc":{"start":{"line":3,"column":51},"end":{"line":3,"column":125}},"type":"cond-expr","locations":[{"start":{"line":3,"column":67},"end":{"line":3,"column":118}},{"start":{"line":3,"column":121},"end":{"line":3,"column":125}}],"line":3},"3":{"loc":{"start":{"line":4,"column":4},"end":{"line":5,"column":150}},"type":"if","locations":[{"start":{"line":4,"column":4},"end":{"line":5,"column":150}},{"start":{"line":5,"column":9},"end":{"line":5,"column":150}}],"line":4},"4":{"loc":{"start":{"line":4,"column":8},"end":{"line":4,"column":77}},"type":"binary-expr","locations":[{"start":{"line":4,"column":8},"end":{"line":4,"column":35}},{"start":{"line":4,"column":39},"end":{"line":4,"column":77}}],"line":4},"5":{"loc":{"start":{"line":5,"column":58},"end":{"line":5,"column":150}},"type":"if","locations":[{"start":{"line":5,"column":58},"end":{"line":5,"column":150}},{"start":{},"end":{}}],"line":5},"6":{"loc":{"start":{"line":5,"column":85},"end":{"line":5,"column":149}},"type":"binary-expr","locations":[{"start":{"line":5,"column":86},"end":{"line":5,"column":143}},{"start":{"line":5,"column":148},"end":{"line":5,"column":149}}],"line":5},"7":{"loc":{"start":{"line":5,"column":86},"end":{"line":5,"column":143}},"type":"cond-expr","locations":[{"start":{"line":5,"column":94},"end":{"line":5,"column":98}},{"start":{"line":5,"column":101},"end":{"line":5,"column":143}}],"line":5},"8":{"loc":{"start":{"line":5,"column":101},"end":{"line":5,"column":143}},"type":"cond-expr","locations":[{"start":{"line":5,"column":109},"end":{"line":5,"column":126}},{"start":{"line":5,"column":129},"end":{"line":5,"column":143}}],"line":5},"9":{"loc":{"start":{"line":6,"column":11},"end":{"line":6,"column":62}},"type":"binary-expr","locations":[{"start":{"line":6,"column":11},"end":{"line":6,"column":16}},{"start":{"line":6,"column":20},"end":{"line":6,"column":21}},{"start":{"line":6,"column":25},"end":{"line":6,"column":62}}],"line":6},"10":{"loc":{"start":{"line":8,"column":17},"end":{"line":10,"column":1}},"type":"binary-expr","locations":[{"start":{"line":8,"column":18},"end":{"line":8,"column":22}},{"start":{"line":8,"column":26},"end":{"line":8,"column":41}},{"start":{"line":8,"column":46},"end":{"line":10,"column":1}}],"line":8},"11":{"loc":{"start":{"line":9,"column":4},"end":{"line":9,"column":109}},"type":"if","locations":[{"start":{"line":9,"column":4},"end":{"line":9,"column":109}},{"start":{},"end":{}}],"line":9},"12":{"loc":{"start":{"line":9,"column":8},"end":{"line":9,"column":77}},"type":"binary-expr","locations":[{"start":{"line":9,"column":8},"end":{"line":9,"column":35}},{"start":{"line":9,"column":39},"end":{"line":9,"column":77}}],"line":9}},"s":{"0":1,"1":3,"2":3,"3":3,"4":3,"5":0,"6":0,"7":0,"8":0,"9":3,"10":1,"11":2,"12":2,"13":1,"14":1,"15":1,"16":1,"17":1,"18":1,"19":1,"20":0,"21":0,"22":1,"23":1},"f":{"0":3,"1":2,"2":0,"3":0},"b":{"0":[1,1,1],"1":[1,2],"2":[0,2],"3":[3,0],"4":[3,3],"5":[0,0],"6":[0,0],"7":[0,0],"8":[0,0],"9":[3,2,0],"10":[1,1,1],"11":[2,0],"12":[2,2]},"inputSourceMap":null,"_coverageSchema":"1a1c01bbd47fc00a2c39e90264f33305004495a9","hash":"de850ef4cba96fae6cd8ea45057506765bf414fd"}
,"C:\\Users\\Tobey\\OneDrive - University of Toronto\\University\\3rd Year\\CSC 301\\team-project-20-grocery-store-waste-app-m\\backend\\dist\\entity\\Order.js": {"path":"C:\\Users\\Tobey\\OneDrive - University of Toronto\\University\\3rd Year\\CSC 301\\team-project-20-grocery-store-waste-app-m\\backend\\dist\\entity\\Order.js","statementMap":{"0":{"start":{"line":2,"column":17},"end":{"line":7,"column":1}},"1":{"start":{"line":3,"column":12},"end":{"line":3,"column":28}},"2":{"start":{"line":3,"column":34},"end":{"line":3,"column":125}},"3":{"start":{"line":4,"column":4},"end":{"line":5,"column":150}},"4":{"start":{"line":4,"column":79},"end":{"line":4,"column":131}},"5":{"start":{"line":5,"column":9},"end":{"line":5,"column":150}},"6":{"start":{"line":5,"column":22},"end":{"line":5,"column":43}},"7":{"start":{"line":5,"column":58},"end":{"line":5,"column":150}},"8":{"start":{"line":5,"column":81},"end":{"line":5,"column":150}},"9":{"start":{"line":6,"column":4},"end":{"line":6,"column":66}},"10":{"start":{"line":8,"column":17},"end":{"line":10,"column":1}},"11":{"start":{"line":9,"column":4},"end":{"line":9,"column":109}},"12":{"start":{"line":9,"column":79},"end":{"line":9,"column":109}},"13":{"start":{"line":11,"column":0},"end":{"line":11,"column":62}},"14":{"start":{"line":12,"column":0},"end":{"line":12,"column":23}},"15":{"start":{"line":13,"column":18},"end":{"line":13,"column":36}},"16":{"start":{"line":14,"column":15},"end":{"line":14,"column":32}},"17":{"start":{"line":15,"column":12},"end":{"line":16,"column":1}},"18":{"start":{"line":17,"column":0},"end":{"line":20,"column":34}},"19":{"start":{"line":21,"column":0},"end":{"line":24,"column":36}},"20":{"start":{"line":22,"column":35},"end":{"line":22,"column":46}},"21":{"start":{"line":22,"column":58},"end":{"line":22,"column":69}},"22":{"start":{"line":25,"column":0},"end":{"line":27,"column":10}},"23":{"start":{"line":28,"column":0},"end":{"line":28,"column":22}}},"fnMap":{"0":{"name":"(anonymous_0)","decl":{"start":{"line":2,"column":46},"end":{"line":2,"column":47}},"loc":{"start":{"line":2,"column":87},"end":{"line":7,"column":1}},"line":2},"1":{"name":"(anonymous_1)","decl":{"start":{"line":8,"column":46},"end":{"line":8,"column":47}},"loc":{"start":{"line":8,"column":62},"end":{"line":10,"column":1}},"line":8},"2":{"name":"(anonymous_2)","decl":{"start":{"line":22,"column":29},"end":{"line":22,"column":30}},"loc":{"start":{"line":22,"column":35},"end":{"line":22,"column":46}},"line":22},"3":{"name":"(anonymous_3)","decl":{"start":{"line":22,"column":48},"end":{"line":22,"column":49}},"loc":{"start":{"line":22,"column":58},"end":{"line":22,"column":69}},"line":22}},"branchMap":{"0":{"loc":{"start":{"line":2,"column":17},"end":{"line":7,"column":1}},"type":"binary-expr","locations":[{"start":{"line":2,"column":18},"end":{"line":2,"column":22}},{"start":{"line":2,"column":26},"end":{"line":2,"column":41}},{"start":{"line":2,"column":46},"end":{"line":7,"column":1}}],"line":2},"1":{"loc":{"start":{"line":3,"column":34},"end":{"line":3,"column":125}},"type":"cond-expr","locations":[{"start":{"line":3,"column":42},"end":{"line":3,"column":48}},{"start":{"line":3,"column":51},"end":{"line":3,"column":125}}],"line":3},"2":{"loc":{"start":{"line":3,"column":51},"end":{"line":3,"column":125}},"type":"cond-expr","locations":[{"start":{"line":3,"column":67},"end":{"line":3,"column":118}},{"start":{"line":3,"column":121},"end":{"line":3,"column":125}}],"line":3},"3":{"loc":{"start":{"line":4,"column":4},"end":{"line":5,"column":150}},"type":"if","locations":[{"start":{"line":4,"column":4},"end":{"line":5,"column":150}},{"start":{"line":5,"column":9},"end":{"line":5,"column":150}}],"line":4},"4":{"loc":{"start":{"line":4,"column":8},"end":{"line":4,"column":77}},"type":"binary-expr","locations":[{"start":{"line":4,"column":8},"end":{"line":4,"column":35}},{"start":{"line":4,"column":39},"end":{"line":4,"column":77}}],"line":4},"5":{"loc":{"start":{"line":5,"column":58},"end":{"line":5,"column":150}},"type":"if","locations":[{"start":{"line":5,"column":58},"end":{"line":5,"column":150}},{"start":{},"end":{}}],"line":5},"6":{"loc":{"start":{"line":5,"column":85},"end":{"line":5,"column":149}},"type":"binary-expr","locations":[{"start":{"line":5,"column":86},"end":{"line":5,"column":143}},{"start":{"line":5,"column":148},"end":{"line":5,"column":149}}],"line":5},"7":{"loc":{"start":{"line":5,"column":86},"end":{"line":5,"column":143}},"type":"cond-expr","locations":[{"start":{"line":5,"column":94},"end":{"line":5,"column":98}},{"start":{"line":5,"column":101},"end":{"line":5,"column":143}}],"line":5},"8":{"loc":{"start":{"line":5,"column":101},"end":{"line":5,"column":143}},"type":"cond-expr","locations":[{"start":{"line":5,"column":109},"end":{"line":5,"column":126}},{"start":{"line":5,"column":129},"end":{"line":5,"column":143}}],"line":5},"9":{"loc":{"start":{"line":6,"column":11},"end":{"line":6,"column":62}},"type":"binary-expr","locations":[{"start":{"line":6,"column":11},"end":{"line":6,"column":16}},{"start":{"line":6,"column":20},"end":{"line":6,"column":21}},{"start":{"line":6,"column":25},"end":{"line":6,"column":62}}],"line":6},"10":{"loc":{"start":{"line":8,"column":17},"end":{"line":10,"column":1}},"type":"binary-expr","locations":[{"start":{"line":8,"column":18},"end":{"line":8,"column":22}},{"start":{"line":8,"column":26},"end":{"line":8,"column":41}},{"start":{"line":8,"column":46},"end":{"line":10,"column":1}}],"line":8},"11":{"loc":{"start":{"line":9,"column":4},"end":{"line":9,"column":109}},"type":"if","locations":[{"start":{"line":9,"column":4},"end":{"line":9,"column":109}},{"start":{},"end":{}}],"line":9},"12":{"loc":{"start":{"line":9,"column":8},"end":{"line":9,"column":77}},"type":"binary-expr","locations":[{"start":{"line":9,"column":8},"end":{"line":9,"column":35}},{"start":{"line":9,"column":39},"end":{"line":9,"column":77}}],"line":9}},"s":{"0":1,"1":3,"2":3,"3":3,"4":3,"5":0,"6":0,"7":0,"8":0,"9":3,"10":1,"11":2,"12":2,"13":1,"14":1,"15":1,"16":1,"17":1,"18":1,"19":1,"20":0,"21":0,"22":1,"23":1},"f":{"0":3,"1":2,"2":0,"3":0},"b":{"0":[1,1,1],"1":[1,2],"2":[0,2],"3":[3,0],"4":[3,3],"5":[0,0],"6":[0,0],"7":[0,0],"8":[0,0],"9":[3,2,0],"10":[1,1,1],"11":[2,0],"12":[2,2]},"inputSourceMap":null,"_coverageSchema":"1a1c01bbd47fc00a2c39e90264f33305004495a9","hash":"380e96411d5c7951d76d5c5204aa5c089b716466"}
,"C:\\Users\\Tobey\\OneDrive - University of Toronto\\University\\3rd Year\\CSC 301\\team-project-20-grocery-store-waste-app-m\\backend\\dist\\entity\\User.js": {"path":"C:\\Users\\Tobey\\OneDrive - University of Toronto\\University\\3rd Year\\CSC 301\\team-project-20-grocery-store-waste-app-m\\backend\\dist\\entity\\User.js","statementMap":{"0":{"start":{"line":2,"column":17},"end":{"line":7,"column":1}},"1":{"start":{"line":3,"column":12},"end":{"line":3,"column":28}},"2":{"start":{"line":3,"column":34},"end":{"line":3,"column":125}},"3":{"start":{"line":4,"column":4},"end":{"line":5,"column":150}},"4":{"start":{"line":4,"column":79},"end":{"line":4,"column":131}},"5":{"start":{"line":5,"column":9},"end":{"line":5,"column":150}},"6":{"start":{"line":5,"column":22},"end":{"line":5,"column":43}},"7":{"start":{"line":5,"column":58},"end":{"line":5,"column":150}},"8":{"start":{"line":5,"column":81},"end":{"line":5,"column":150}},"9":{"start":{"line":6,"column":4},"end":{"line":6,"column":66}},"10":{"start":{"line":8,"column":17},"end":{"line":10,"column":1}},"11":{"start":{"line":9,"column":4},"end":{"line":9,"column":109}},"12":{"start":{"line":9,"column":79},"end":{"line":9,"column":109}},"13":{"start":{"line":11,"column":0},"end":{"line":11,"column":62}},"14":{"start":{"line":12,"column":0},"end":{"line":12,"column":22}},"15":{"start":{"line":13,"column":18},"end":{"line":13,"column":36}},"16":{"start":{"line":14,"column":15},"end":{"line":14,"column":30}},"17":{"start":{"line":15,"column":15},"end":{"line":15,"column":32}},"18":{"start":{"line":16,"column":16},"end":{"line":16,"column":34}},"19":{"start":{"line":17,"column":11},"end":{"line":21,"column":1}},"20":{"start":{"line":19,"column":8},"end":{"line":19,"column":35}},"21":{"start":{"line":22,"column":0},"end":{"line":25,"column":33}},"22":{"start":{"line":26,"column":0},"end":{"line":29,"column":39}},"23":{"start":{"line":30,"column":0},"end":{"line":33,"column":40}},"24":{"start":{"line":34,"column":0},"end":{"line":37,"column":39}},"25":{"start":{"line":38,"column":0},"end":{"line":41,"column":36}},"26":{"start":{"line":42,"column":0},"end":{"line":45,"column":39}},"27":{"start":{"line":46,"column":0},"end":{"line":49,"column":44}},"28":{"start":{"line":50,"column":0},"end":{"line":53,"column":41}},"29":{"start":{"line":54,"column":0},"end":{"line":57,"column":37}},"30":{"start":{"line":55,"column":35},"end":{"line":55,"column":48}},"31":{"start":{"line":55,"column":61},"end":{"line":55,"column":71}},"32":{"start":{"line":58,"column":0},"end":{"line":61,"column":35}},"33":{"start":{"line":59,"column":35},"end":{"line":59,"column":46}},"34":{"start":{"line":59,"column":58},"end":{"line":59,"column":67}},"35":{"start":{"line":62,"column":0},"end":{"line":65,"column":42}},"36":{"start":{"line":66,"column":0},"end":{"line":71,"column":39}},"37":{"start":{"line":72,"column":0},"end":{"line":74,"column":9}},"38":{"start":{"line":75,"column":0},"end":{"line":75,"column":20}}},"fnMap":{"0":{"name":"(anonymous_0)","decl":{"start":{"line":2,"column":46},"end":{"line":2,"column":47}},"loc":{"start":{"line":2,"column":87},"end":{"line":7,"column":1}},"line":2},"1":{"name":"(anonymous_1)","decl":{"start":{"line":8,"column":46},"end":{"line":8,"column":47}},"loc":{"start":{"line":8,"column":62},"end":{"line":10,"column":1}},"line":8},"2":{"name":"(anonymous_2)","decl":{"start":{"line":18,"column":4},"end":{"line":18,"column":5}},"loc":{"start":{"line":18,"column":17},"end":{"line":20,"column":5}},"line":18},"3":{"name":"(anonymous_3)","decl":{"start":{"line":55,"column":29},"end":{"line":55,"column":30}},"loc":{"start":{"line":55,"column":35},"end":{"line":55,"column":48}},"line":55},"4":{"name":"(anonymous_4)","decl":{"start":{"line":55,"column":50},"end":{"line":55,"column":51}},"loc":{"start":{"line":55,"column":61},"end":{"line":55,"column":71}},"line":55},"5":{"name":"(anonymous_5)","decl":{"start":{"line":59,"column":29},"end":{"line":59,"column":30}},"loc":{"start":{"line":59,"column":35},"end":{"line":59,"column":46}},"line":59},"6":{"name":"(anonymous_6)","decl":{"start":{"line":59,"column":48},"end":{"line":59,"column":49}},"loc":{"start":{"line":59,"column":58},"end":{"line":59,"column":67}},"line":59}},"branchMap":{"0":{"loc":{"start":{"line":2,"column":17},"end":{"line":7,"column":1}},"type":"binary-expr","locations":[{"start":{"line":2,"column":18},"end":{"line":2,"column":22}},{"start":{"line":2,"column":26},"end":{"line":2,"column":41}},{"start":{"line":2,"column":46},"end":{"line":7,"column":1}}],"line":2},"1":{"loc":{"start":{"line":3,"column":34},"end":{"line":3,"column":125}},"type":"cond-expr","locations":[{"start":{"line":3,"column":42},"end":{"line":3,"column":48}},{"start":{"line":3,"column":51},"end":{"line":3,"column":125}}],"line":3},"2":{"loc":{"start":{"line":3,"column":51},"end":{"line":3,"column":125}},"type":"cond-expr","locations":[{"start":{"line":3,"column":67},"end":{"line":3,"column":118}},{"start":{"line":3,"column":121},"end":{"line":3,"column":125}}],"line":3},"3":{"loc":{"start":{"line":4,"column":4},"end":{"line":5,"column":150}},"type":"if","locations":[{"start":{"line":4,"column":4},"end":{"line":5,"column":150}},{"start":{"line":5,"column":9},"end":{"line":5,"column":150}}],"line":4},"4":{"loc":{"start":{"line":4,"column":8},"end":{"line":4,"column":77}},"type":"binary-expr","locations":[{"start":{"line":4,"column":8},"end":{"line":4,"column":35}},{"start":{"line":4,"column":39},"end":{"line":4,"column":77}}],"line":4},"5":{"loc":{"start":{"line":5,"column":58},"end":{"line":5,"column":150}},"type":"if","locations":[{"start":{"line":5,"column":58},"end":{"line":5,"column":150}},{"start":{},"end":{}}],"line":5},"6":{"loc":{"start":{"line":5,"column":85},"end":{"line":5,"column":149}},"type":"binary-expr","locations":[{"start":{"line":5,"column":86},"end":{"line":5,"column":143}},{"start":{"line":5,"column":148},"end":{"line":5,"column":149}}],"line":5},"7":{"loc":{"start":{"line":5,"column":86},"end":{"line":5,"column":143}},"type":"cond-expr","locations":[{"start":{"line":5,"column":94},"end":{"line":5,"column":98}},{"start":{"line":5,"column":101},"end":{"line":5,"column":143}}],"line":5},"8":{"loc":{"start":{"line":5,"column":101},"end":{"line":5,"column":143}},"type":"cond-expr","locations":[{"start":{"line":5,"column":109},"end":{"line":5,"column":126}},{"start":{"line":5,"column":129},"end":{"line":5,"column":143}}],"line":5},"9":{"loc":{"start":{"line":6,"column":11},"end":{"line":6,"column":62}},"type":"binary-expr","locations":[{"start":{"line":6,"column":11},"end":{"line":6,"column":16}},{"start":{"line":6,"column":20},"end":{"line":6,"column":21}},{"start":{"line":6,"column":25},"end":{"line":6,"column":62}}],"line":6},"10":{"loc":{"start":{"line":8,"column":17},"end":{"line":10,"column":1}},"type":"binary-expr","locations":[{"start":{"line":8,"column":18},"end":{"line":8,"column":22}},{"start":{"line":8,"column":26},"end":{"line":8,"column":41}},{"start":{"line":8,"column":46},"end":{"line":10,"column":1}}],"line":8},"11":{"loc":{"start":{"line":9,"column":4},"end":{"line":9,"column":109}},"type":"if","locations":[{"start":{"line":9,"column":4},"end":{"line":9,"column":109}},{"start":{},"end":{}}],"line":9},"12":{"loc":{"start":{"line":9,"column":8},"end":{"line":9,"column":77}},"type":"binary-expr","locations":[{"start":{"line":9,"column":8},"end":{"line":9,"column":35}},{"start":{"line":9,"column":39},"end":{"line":9,"column":77}}],"line":9}},"s":{"0":1,"1":13,"2":13,"3":13,"4":13,"5":0,"6":0,"7":0,"8":0,"9":13,"10":1,"11":14,"12":14,"13":1,"14":1,"15":1,"16":1,"17":1,"18":1,"19":1,"20":0,"21":1,"22":1,"23":1,"24":1,"25":1,"26":1,"27":1,"28":1,"29":1,"30":0,"31":0,"32":1,"33":0,"34":0,"35":1,"36":1,"37":1,"38":1},"f":{"0":13,"1":14,"2":0,"3":0,"4":0,"5":0,"6":0},"b":{"0":[1,1,1],"1":[1,12],"2":[1,11],"3":[13,0],"4":[13,13],"5":[0,0],"6":[0,0],"7":[0,0],"8":[0,0],"9":[13,12,1],"10":[1,1,1],"11":[14,0],"12":[14,14]},"inputSourceMap":null,"_coverageSchema":"1a1c01bbd47fc00a2c39e90264f33305004495a9","hash":"5d1646f5ce4c3cc102c0bbacb46238c1a315e0e8"}
,"C:\\Users\\Tobey\\OneDrive - University of Toronto\\University\\3rd Year\\CSC 301\\team-project-20-grocery-store-waste-app-m\\backend\\dist\\routes\\user.js": {"path":"C:\\Users\\Tobey\\OneDrive - University of Toronto\\University\\3rd Year\\CSC 301\\team-project-20-grocery-store-waste-app-m\\backend\\dist\\routes\\user.js","statementMap":{"0":{"start":{"line":2,"column":22},"end":{"line":4,"column":1}},"1":{"start":{"line":3,"column":4},"end":{"line":3,"column":62}},"2":{"start":{"line":5,"column":0},"end":{"line":5,"column":62}},"3":{"start":{"line":6,"column":18},"end":{"line":6,"column":53}},"4":{"start":{"line":7,"column":15},"end":{"line":7,"column":45}},"5":{"start":{"line":8,"column":15},"end":{"line":8,"column":41}},"6":{"start":{"line":10,"column":0},"end":{"line":10,"column":36}},"7":{"start":{"line":11,"column":0},"end":{"line":11,"column":40}},"8":{"start":{"line":12,"column":0},"end":{"line":12,"column":41}},"9":{"start":{"line":13,"column":0},"end":{"line":13,"column":25}}},"fnMap":{"0":{"name":"(anonymous_0)","decl":{"start":{"line":2,"column":56},"end":{"line":2,"column":57}},"loc":{"start":{"line":2,"column":71},"end":{"line":4,"column":1}},"line":2}},"branchMap":{"0":{"loc":{"start":{"line":2,"column":22},"end":{"line":4,"column":1}},"type":"binary-expr","locations":[{"start":{"line":2,"column":23},"end":{"line":2,"column":27}},{"start":{"line":2,"column":31},"end":{"line":2,"column":51}},{"start":{"line":2,"column":56},"end":{"line":4,"column":1}}],"line":2},"1":{"loc":{"start":{"line":3,"column":11},"end":{"line":3,"column":61}},"type":"cond-expr","locations":[{"start":{"line":3,"column":37},"end":{"line":3,"column":40}},{"start":{"line":3,"column":43},"end":{"line":3,"column":61}}],"line":3},"2":{"loc":{"start":{"line":3,"column":12},"end":{"line":3,"column":33}},"type":"binary-expr","locations":[{"start":{"line":3,"column":12},"end":{"line":3,"column":15}},{"start":{"line":3,"column":19},"end":{"line":3,"column":33}}],"line":3}},"s":{"0":1,"1":1,"2":1,"3":1,"4":1,"5":1,"6":1,"7":1,"8":1,"9":1},"f":{"0":1},"b":{"0":[1,1,1],"1":[0,1],"2":[1,1]},"inputSourceMap":null,"_coverageSchema":"1a1c01bbd47fc00a2c39e90264f33305004495a9","hash":"436528849fd8095007a7bebb9891a1ac33b6f04c"}
,"C:\\Users\\Tobey\\OneDrive - University of Toronto\\University\\3rd Year\\CSC 301\\team-project-20-grocery-store-waste-app-m\\backend\\entity\\Item.ts": {"path":"C:\\Users\\Tobey\\OneDrive - University of Toronto\\University\\3rd Year\\CSC 301\\team-project-20-grocery-store-waste-app-m\\backend\\entity\\Item.ts","statementMap":{"0":{"start":{"line":1,"column":0},"end":{"line":1,"column":102}},"1":{"start":{"line":2,"column":0},"end":{"line":2,"column":30}},"2":{"start":{"line":5,"column":7},"end":{"line":12,"column":null}},"3":{"start":{"line":7,"column":4},"end":{"line":8,"column":null}},"4":{"start":{"line":10,"column":4},"end":{"line":11,"column":null}},"5":{"start":{"line":10,"column":21},"end":{"line":10,"column":25}},"6":{"start":{"line":10,"column":37},"end":{"line":10,"column":46}},"7":{"start":{"line":5,"column":13},"end":{"line":12,"column":null}},"8":{"start":{"line":5,"column":13},"end":{"line":5,"column":17}}},"fnMap":{"0":{"name":"(anonymous_2)","decl":{"start":{"line":10,"column":15},"end":{"line":10,"column":18}},"loc":{"start":{"line":10,"column":21},"end":{"line":10,"column":25}}},"1":{"name":"(anonymous_3)","decl":{"start":{"line":10,"column":27},"end":{"line":10,"column":28}},"loc":{"start":{"line":10,"column":37},"end":{"line":10,"column":46}}}},"branchMap":{},"s":{"0":1,"1":1,"2":1,"3":1,"4":1,"5":0,"6":0,"7":1,"8":1},"f":{"0":0,"1":0},"b":{}}
,"C:\\Users\\Tobey\\OneDrive - University of Toronto\\University\\3rd Year\\CSC 301\\team-project-20-grocery-store-waste-app-m\\backend\\entity\\Order.ts": {"path":"C:\\Users\\Tobey\\OneDrive - University of Toronto\\University\\3rd Year\\CSC 301\\team-project-20-grocery-store-waste-app-m\\backend\\entity\\Order.ts","statementMap":{"0":{"start":{"line":1,"column":0},"end":{"line":1,"column":102}},"1":{"start":{"line":2,"column":0},"end":{"line":2,"column":30}},"2":{"start":{"line":5,"column":7},"end":{"line":12,"column":null}},"3":{"start":{"line":7,"column":4},"end":{"line":8,"column":null}},"4":{"start":{"line":10,"column":4},"end":{"line":11,"column":null}},"5":{"start":{"line":10,"column":21},"end":{"line":10,"column":25}},"6":{"start":{"line":10,"column":37},"end":{"line":10,"column":48}},"7":{"start":{"line":5,"column":13},"end":{"line":12,"column":null}},"8":{"start":{"line":5,"column":13},"end":{"line":5,"column":18}}},"fnMap":{"0":{"name":"(anonymous_2)","decl":{"start":{"line":10,"column":15},"end":{"line":10,"column":18}},"loc":{"start":{"line":10,"column":21},"end":{"line":10,"column":25}}},"1":{"name":"(anonymous_3)","decl":{"start":{"line":10,"column":27},"end":{"line":10,"column":28}},"loc":{"start":{"line":10,"column":37},"end":{"line":10,"column":48}}}},"branchMap":{},"s":{"0":1,"1":1,"2":1,"3":1,"4":1,"5":0,"6":0,"7":1,"8":1},"f":{"0":0,"1":0},"b":{}}
,"C:\\Users\\Tobey\\OneDrive - University of Toronto\\University\\3rd Year\\CSC 301\\team-project-20-grocery-store-waste-app-m\\backend\\entity\\User.ts": {"path":"C:\\Users\\Tobey\\OneDrive - University of Toronto\\University\\3rd Year\\CSC 301\\team-project-20-grocery-store-waste-app-m\\backend\\entity\\User.ts","statementMap":{"0":{"start":{"line":1,"column":0},"end":{"line":1,"column":93}},"1":{"start":{"line":2,"column":0},"end":{"line":2,"column":36}},"2":{"start":{"line":4,"column":0},"end":{"line":4,"column":30}},"3":{"start":{"line":5,"column":0},"end":{"line":5,"column":32}},"4":{"start":{"line":9,"column":7},"end":{"line":48,"column":null}},"5":{"start":{"line":46,"column":8},"end":{"line":46,"column":27}},"6":{"start":{"line":11,"column":4},"end":{"line":12,"column":null}},"7":{"start":{"line":14,"column":4},"end":{"line":15,"column":null}},"8":{"start":{"line":17,"column":4},"end":{"line":18,"column":null}},"9":{"start":{"line":20,"column":4},"end":{"line":21,"column":null}},"10":{"start":{"line":23,"column":4},"end":{"line":24,"column":null}},"11":{"start":{"line":26,"column":4},"end":{"line":27,"column":null}},"12":{"start":{"line":29,"column":4},"end":{"line":30,"column":null}},"13":{"start":{"line":32,"column":4},"end":{"line":33,"column":null}},"14":{"start":{"line":35,"column":4},"end":{"line":36,"column":null}},"15":{"start":{"line":35,"column":21},"end":{"line":35,"column":26}},"16":{"start":{"line":35,"column":39},"end":{"line":35,"column":49}},"17":{"start":{"line":38,"column":4},"end":{"line":39,"column":null}},"18":{"start":{"line":38,"column":21},"end":{"line":38,"column":25}},"19":{"start":{"line":38,"column":37},"end":{"line":38,"column":46}},"20":{"start":{"line":41,"column":4},"end":{"line":42,"column":null}},"21":{"start":{"line":44,"column":4},"end":{"line":47,"column":null}},"22":{"start":{"line":9,"column":13},"end":{"line":48,"column":null}},"23":{"start":{"line":9,"column":13},"end":{"line":9,"column":17}}},"fnMap":{"0":{"name":"(anonymous_2)","decl":{"start":{"line":45,"column":4},"end":{"line":45,"column":14}},"loc":{"start":{"line":45,"column":14},"end":{"line":47,"column":5}}},"1":{"name":"(anonymous_3)","decl":{"start":{"line":35,"column":15},"end":{"line":35,"column":18}},"loc":{"start":{"line":35,"column":21},"end":{"line":35,"column":26}}},"2":{"name":"(anonymous_4)","decl":{"start":{"line":35,"column":28},"end":{"line":35,"column":29}},"loc":{"start":{"line":35,"column":39},"end":{"line":35,"column":49}}},"3":{"name":"(anonymous_5)","decl":{"start":{"line":38,"column":15},"end":{"line":38,"column":18}},"loc":{"start":{"line":38,"column":21},"end":{"line":38,"column":25}}},"4":{"name":"(anonymous_6)","decl":{"start":{"line":38,"column":27},"end":{"line":38,"column":28}},"loc":{"start":{"line":38,"column":37},"end":{"line":38,"column":46}}}},"branchMap":{},"s":{"0":1,"1":1,"2":1,"3":1,"4":1,"5":0,"6":1,"7":1,"8":1,"9":1,"10":1,"11":1,"12":1,"13":1,"14":1,"15":0,"16":0,"17":1,"18":0,"19":0,"20":1,"21":1,"22":1,"23":1},"f":{"0":0,"1":0,"2":0,"3":0,"4":0},"b":{}}
,"C:\\Users\\Tobey\\OneDrive - University of Toronto\\University\\3rd Year\\CSC 301\\team-project-20-grocery-store-waste-app-m\\backend\\routes\\user.ts": {"path":"C:\\Users\\Tobey\\OneDrive - University of Toronto\\University\\3rd Year\\CSC 301\\team-project-20-grocery-store-waste-app-m\\backend\\routes\\user.ts","statementMap":{"0":{"start":{"line":1,"column":0},"end":{"line":1,"column":30}},"1":{"start":{"line":3,"column":0},"end":{"line":3,"column":72}},"2":{"start":{"line":5,"column":15},"end":{"line":5,"column":31}},"3":{"start":{"line":8,"column":0},"end":{"line":8,"column":29}},"4":{"start":{"line":9,"column":0},"end":{"line":9,"column":33}},"5":{"start":{"line":10,"column":0},"end":{"line":10,"column":34}},"6":{"start":{"line":12,"column":0},"end":{"line":12,"column":22}}},"fnMap":{},"branchMap":{},"s":{"0":1,"1":1,"2":1,"3":1,"4":1,"5":1,"6":1},"f":{},"b":{}}
}
